<?xml version="1.0" encoding="UTF-8"?>
<!-- Generated by org.testng.reporters.JUnitXMLReporter -->
<testsuite ignored="0" hostname="LAPTOP-5KVODS8V" failures="0" tests="3" name="Test" time="33.993" errors="0" timestamp="2024-02-14T10:33:07 CST">
  <testcase classname="remoteTest.dockerValidation.chromeTest2" name="test1" time="8.756"/>
  <testcase classname="remoteTest.dockerValidation.chromeTest3" name="test2" time="13.504"/>
  <testcase classname="remoteTest.dockerValidation.chromeTest4" name="test3" time="15.432"/>
</testsuite> <!-- Test -->
