<?xml version="1.0" encoding="UTF-8"?>
<!-- Generated by org.testng.reporters.JUnitXMLReporter -->
<testsuite ignored="0" hostname="LAPTOP-5KVODS8V" failures="0" tests="3" name="Test" time="39.66" errors="0" timestamp="15 Feb 2024 16:39:35 GMT">
  <testcase classname="remoteTest.dockerValidation.chromeTest2" name="test1" time="9.541"/>
  <testcase classname="remoteTest.dockerValidation.chromeTest3" name="test2" time="15.027"/>
  <testcase classname="remoteTest.dockerValidation.chromeTest4" name="test3" time="15.85"/>
</testsuite> <!-- Test -->
