<?xml version="1.0" encoding="UTF-8"?>
<testng-results ignored="0" total="3" passed="3" failed="0" skipped="0">
  <reporter-output>
  </reporter-output>
  <suite started-at="2024-02-15T16:38:56Z" name="Suite" finished-at="2024-02-15T16:39:35Z" duration-ms="39660">
    <groups>
    </groups>
    <test started-at="2024-02-15T16:38:56Z" name="Test" finished-at="2024-02-15T16:39:35Z" duration-ms="39660">
      <class name="remoteTest.dockerValidation.chromeTest3">
        <test-method signature="test2()[pri:0, instance:remoteTest.dockerValidation.chromeTest3@732d0d24]" started-at="2024-02-15T16:39:16Z" name="test2" finished-at="2024-02-15T16:39:31Z" duration-ms="15027" status="PASS">
          <reporter-output>
          </reporter-output>
        </test-method> <!-- test2 -->
      </class> <!-- remoteTest.dockerValidation.chromeTest3 -->
      <class name="remoteTest.dockerValidation.chromeTest4">
        <test-method signature="test3()[pri:0, instance:remoteTest.dockerValidation.chromeTest4@1fb19a0]" started-at="2024-02-15T16:39:16Z" name="test3" finished-at="2024-02-15T16:39:32Z" duration-ms="15850" status="PASS">
          <reporter-output>
          </reporter-output>
        </test-method> <!-- test3 -->
      </class> <!-- remoteTest.dockerValidation.chromeTest4 -->
      <class name="remoteTest.dockerValidation.chromeTest2">
        <test-method is-config="true" signature="startDockerScale()[pri:0, instance:remoteTest.dockerValidation.chromeTest2@5e3d57c7]" started-at="2024-02-15T16:38:56Z" name="startDockerScale" finished-at="2024-02-15T16:39:16Z" duration-ms="20376" status="PASS">
          <reporter-output>
          </reporter-output>
        </test-method> <!-- startDockerScale -->
        <test-method signature="test1()[pri:0, instance:remoteTest.dockerValidation.chromeTest2@5e3d57c7]" started-at="2024-02-15T16:39:16Z" name="test1" finished-at="2024-02-15T16:39:26Z" duration-ms="9541" status="PASS">
          <reporter-output>
          </reporter-output>
        </test-method> <!-- test1 -->
        <test-method is-config="true" signature="stopDockerDeleteFile()[pri:0, instance:remoteTest.dockerValidation.chromeTest2@5e3d57c7]" started-at="2024-02-15T16:39:32Z" name="stopDockerDeleteFile" finished-at="2024-02-15T16:39:35Z" duration-ms="3363" status="PASS">
          <reporter-output>
          </reporter-output>
        </test-method> <!-- stopDockerDeleteFile -->
      </class> <!-- remoteTest.dockerValidation.chromeTest2 -->
    </test> <!-- Test -->
  </suite> <!-- Suite -->
</testng-results>
