<?xml version="1.0" encoding="UTF-8"?>
<testng-results ignored="0" total="3" passed="3" failed="0" skipped="0">
  <reporter-output>
  </reporter-output>
  <suite started-at="2024-02-14T10:32:33 CST" name="Suite" finished-at="2024-02-14T10:33:07 CST" duration-ms="33993">
    <groups>
    </groups>
    <test started-at="2024-02-14T10:32:33 CST" name="Test" finished-at="2024-02-14T10:33:07 CST" duration-ms="33993">
      <class name="remoteTest.dockerValidation.chromeTest3">
        <test-method signature="test2()[pri:0, instance:remoteTest.dockerValidation.chromeTest3@be64738]" started-at="2024-02-14T10:32:48 CST" name="test2" finished-at="2024-02-14T10:33:02 CST" duration-ms="13504" status="PASS">
          <reporter-output>
          </reporter-output>
        </test-method> <!-- test2 -->
      </class> <!-- remoteTest.dockerValidation.chromeTest3 -->
      <class name="remoteTest.dockerValidation.chromeTest4">
        <test-method signature="test3()[pri:0, instance:remoteTest.dockerValidation.chromeTest4@3ba9ad43]" started-at="2024-02-14T10:32:48 CST" name="test3" finished-at="2024-02-14T10:33:04 CST" duration-ms="15432" status="PASS">
          <reporter-output>
          </reporter-output>
        </test-method> <!-- test3 -->
      </class> <!-- remoteTest.dockerValidation.chromeTest4 -->
      <class name="remoteTest.dockerValidation.chromeTest2">
        <test-method is-config="true" signature="startDockerScale()[pri:0, instance:remoteTest.dockerValidation.chromeTest2@659a969b]" started-at="2024-02-14T10:32:33 CST" name="startDockerScale" finished-at="2024-02-14T10:32:48 CST" duration-ms="15515" status="PASS">
          <reporter-output>
          </reporter-output>
        </test-method> <!-- startDockerScale -->
        <test-method signature="test1()[pri:0, instance:remoteTest.dockerValidation.chromeTest2@659a969b]" started-at="2024-02-14T10:32:48 CST" name="test1" finished-at="2024-02-14T10:32:57 CST" duration-ms="8756" status="PASS">
          <reporter-output>
          </reporter-output>
        </test-method> <!-- test1 -->
        <test-method is-config="true" signature="stopDockerDeleteFile()[pri:0, instance:remoteTest.dockerValidation.chromeTest2@659a969b]" started-at="2024-02-14T10:33:04 CST" name="stopDockerDeleteFile" finished-at="2024-02-14T10:33:07 CST" duration-ms="2964" status="PASS">
          <reporter-output>
          </reporter-output>
        </test-method> <!-- stopDockerDeleteFile -->
      </class> <!-- remoteTest.dockerValidation.chromeTest2 -->
    </test> <!-- Test -->
  </suite> <!-- Suite -->
</testng-results>
