<?xml version="1.0" encoding="UTF-8"?>
<testng-results ignored="0" total="3" passed="3" failed="0" skipped="0">
  <reporter-output>
  </reporter-output>
  <suite started-at="2024-02-15T15:37:00 CST" name="Suite" finished-at="2024-02-15T15:37:41 CST" duration-ms="41112">
    <groups>
    </groups>
    <test started-at="2024-02-15T15:37:00 CST" name="Test" finished-at="2024-02-15T15:37:41 CST" duration-ms="41112">
      <class name="remoteTest.dockerValidation.chromeTest3">
        <test-method signature="test2()[pri:0, instance:remoteTest.dockerValidation.chromeTest3@618425b5]" started-at="2024-02-15T15:37:21 CST" name="test2" finished-at="2024-02-15T15:37:34 CST" duration-ms="13151" status="PASS">
          <reporter-output>
          </reporter-output>
        </test-method> <!-- test2 -->
      </class> <!-- remoteTest.dockerValidation.chromeTest3 -->
      <class name="remoteTest.dockerValidation.chromeTest4">
        <test-method signature="test3()[pri:0, instance:remoteTest.dockerValidation.chromeTest4@58695725]" started-at="2024-02-15T15:37:21 CST" name="test3" finished-at="2024-02-15T15:37:35 CST" duration-ms="13859" status="PASS">
          <reporter-output>
          </reporter-output>
        </test-method> <!-- test3 -->
      </class> <!-- remoteTest.dockerValidation.chromeTest4 -->
      <class name="remoteTest.dockerValidation.chromeTest2">
        <test-method is-config="true" signature="startDockerScale()[pri:0, instance:remoteTest.dockerValidation.chromeTest2@5acf93bb]" started-at="2024-02-15T15:37:00 CST" name="startDockerScale" finished-at="2024-02-15T15:37:21 CST" duration-ms="21177" status="PASS">
          <reporter-output>
          </reporter-output>
        </test-method> <!-- startDockerScale -->
        <test-method signature="test1()[pri:0, instance:remoteTest.dockerValidation.chromeTest2@5acf93bb]" started-at="2024-02-15T15:37:21 CST" name="test1" finished-at="2024-02-15T15:37:33 CST" duration-ms="11438" status="PASS">
          <reporter-output>
          </reporter-output>
        </test-method> <!-- test1 -->
        <test-method is-config="true" signature="stopDockerDeleteFile()[pri:0, instance:remoteTest.dockerValidation.chromeTest2@5acf93bb]" started-at="2024-02-15T15:37:35 CST" name="stopDockerDeleteFile" finished-at="2024-02-15T15:37:41 CST" duration-ms="5913" status="PASS">
          <reporter-output>
          </reporter-output>
        </test-method> <!-- stopDockerDeleteFile -->
      </class> <!-- remoteTest.dockerValidation.chromeTest2 -->
    </test> <!-- Test -->
  </suite> <!-- Suite -->
</testng-results>
